-------------------------------------------------------------------------------
Test set: runner.TestRunner
-------------------------------------------------------------------------------
Tests run: 1, Failures: 0, Errors: 1, Skipped: 0, Time elapsed: 14.998 s <<< FAILURE! - in runner.TestRunner
Add a product(Add Item test)  Time elapsed: 13.491 s  <<< ERROR!
java.lang.IllegalStateException: Incorrect landing page, expected url : http://automationpractice.com/index.php?controller=authentication&back=my-account actual url : http://automationpractice.com/index.php?controller=my-account

