<?xml version="1.0" encoding="UTF-8"?>
<testsuite xmlns:xsi="http://www.w3.org/2001/XMLSchema-instance" xsi:noNamespaceSchemaLocation="https://maven.apache.org/surefire/maven-surefire-plugin/xsd/surefire-test-report.xsd" name="runner.TestRunner" time="14.998" tests="1" errors="1" skipped="0" failures="0">
  <properties>
[...]
</properties>
  <testcase name="Add a product" classname="Add Item test" time="13.491">
    <error message="Incorrect landing page, expected url : http://automationpractice.com/index.php?controller=authentication&amp;back=my-account actual url : http://automationpractice.com/index.php?controller=my-account" type="java.lang.IllegalStateException"><![CDATA[java.lang.IllegalStateException: Incorrect landing page, expected url : http://automationpractice.com/index.php?controller=authentication&back=my-account actual url : http://automationpractice.com/index.php?controller=my-account
]]></error>
    <system-out><![CDATA[
@Add
Scenario: Add a product                                         &amp#27;[90m# src/test/resources/features/AddItem.feature:9&amp#27;[0m
  &amp#27;[32mGiven &amp#27;[0m&amp#27;[32muser opens browser and enters url and lands on homepage&amp#27;[0m &amp#27;[90m# stepDefinitions.loginStepDefinition.user_opens_browser_and_enters_url_and_lands_on_homepage()&amp#27;[0m
  &amp#27;[32mWhen &amp#27;[0m&amp#27;[32muser clicks on sign in&amp#27;[0m                                   &amp#27;[90m# stepDefinitions.loginStepDefinition.user_clicks_on_sign_in()&amp#27;[0m
URL : http://automationpractice.com/index.php?controller=my-account
  &amp#27;[31mThen &amp#27;[0m&amp#27;[31mverify user land on login screen&amp#27;[0m                         &amp#27;[90m# stepDefinitions.loginStepDefinition.verify_user_land_on_login_screen()&amp#27;[0m
      &amp#27;[31mjava.lang.IllegalStateException: Incorrect landing page, expected url : http://automationpractice.com/index.php?controller=authentication&back=my-account actual url : http://automationpractice.com/index.php?controller=my-account
	at pages.loginPage.verifySignPage(loginPage.java:43)
	at stepDefinitions.loginStepDefinition.verify_user_land_on_login_screen(loginStepDefinition.java:39)
	at ���.verify user land on login screen(file:///Users/riyaz/IdeaProjects/Practice/src/test/resources/features/AddItem.feature:7)
&amp#27;[0m
  &amp#27;[36mWhen &amp#27;[0m&amp#27;[36muser enters username and password&amp#27;[0m                        &amp#27;[90m# stepDefinitions.loginStepDefinition.user_enters_username_and_password()&amp#27;[0m
  &amp#27;[36mThen &amp#27;[0m&amp#27;[36muser is able to login successfully&amp#27;[0m                       &amp#27;[90m# stepDefinitions.loginStepDefinition.user_is_able_to_login_successfully()&amp#27;[0m
  &amp#27;[36mWhen &amp#27;[0m&amp#27;[36muser clicks on Women tab&amp#27;[0m                                 &amp#27;[90m# stepDefinitions.addItemStepDefinition.user_clicks_on_women_tab()&amp#27;[0m
  &amp#27;[36mThen &amp#27;[0m&amp#27;[36muser is navigated to the Women's page&amp#27;[0m                    &amp#27;[90m# stepDefinitions.addItemStepDefinition.user_is_navigated_to_the_women_s_page()&amp#27;[0m
  &amp#27;[36mWhen &amp#27;[0m&amp#27;[36mthe user adds an item and checks out&amp#27;[0m                     &amp#27;[90m# stepDefinitions.addItemStepDefinition.the_user_adds_an_item_and_checks_out()&amp#27;[0m
]]></system-out>
    <system-err><![CDATA[SLF4J: Failed to load class "org.slf4j.impl.StaticLoggerBinder".
SLF4J: Defaulting to no-operation (NOP) logger implementation
SLF4J: See http://www.slf4j.org/codes.html#StaticLoggerBinder for further details.
Starting ChromeDriver 91.0.4472.101 (af52a90bf87030dd1523486a1cd3ae25c5d76c9b-refs/branch-heads/4472@{#1462}) on port 16030
Only local connections are allowed.
Please see https://chromedriver.chromium.org/security-considerations for suggestions on keeping ChromeDriver safe.
ChromeDriver was started successfully.
Jun 16, 2021 6:05:27 PM org.openqa.selenium.remote.ProtocolHandshake createSession
INFO: Detected dialect: W3C
Jun 16, 2021 6:05:27 PM org.openqa.selenium.devtools.CdpVersionFinder findNearestMatch
INFO: Found exact CDP implementation for version 91
]]></system-err>
  </testcase>
</testsuite>